#
# A fatal error has been detected by the Java Runtime Environment:
#
#  SIGSEGV (0xb) at pc=0xa80b8be8, pid=32525, tid=4146240400
#
# JRE version: 6.0_17-b04
# Java VM: Java HotSpot(TM) Server VM (14.3-b01 mixed mode linux-x86 )
# Problematic frame:
# C  [libGL.so.1+0x7ebe8]
#
# If you would like to submit a bug report, please visit:
#   http://java.sun.com/webapps/bugreport/crash.jsp
# The crash happened outside the Java Virtual Machine in native code.
# See problematic frame for where to report the bug.
#

---------------  T H R E A D  ---------------

Current thread (0x09c74000):  JavaThread "main" [_thread_in_native, id=32526, stack(0xf71d9000,0xf722a000)]

siginfo:si_signo=SIGSEGV: si_errno=0, si_code=1 (SEGV_MAPERR), si_addr=0x00000000

Registers:
EAX=0x00000000, EBX=0xae96af00, ECX=0xf7ee6140, EDX=0x00000000
ESP=0xf7227a80, EBP=0xf7227d18, ESI=0xa7615bc0, EDI=0xadcf7f20
EIP=0xa80b8be8, CR2=0x00000000, EFLAGS=0x00210246

Top of Stack: (sp=0xf7227a80)
0xf7227a80:   ac907280 00000000 00000000 00007f0d
0xf7227a90:   a7615bc0 00007f0d a7615bc0 a80a56c5
0xf7227aa0:   f7229b90 00007f0d 00000001 ac8933fc
0xf7227ab0:   9f812034 f7f4dfc0 f7f4e240 f7f4080e
0xf7227ac0:   f7f4e240 00000000 f7f40a29 a7f84cc7
0xf7227ad0:   f7f4e658 f7f4e940 09cee588 ae9e9f00
0xf7227ae0:   ae9ecf78 09c5df20 09c5db10 09c5b800
0xf7227af0:   ae9b45c0 adef9be0 ac95ec38 ade16e08 

Instructions: (pc=0xa80b8be8)
0xa80b8bd8:   0d a8 8b 10 85 d2 74 48 8b 42 08 8b 5a 04 31 d2
0xa80b8be8:   8b 30 89 54 24 08 89 1c 24 89 74 24 04 e8 f6 ec 

Stack: [0xf71d9000,0xf722a000],  sp=0xf7227a80,  free space=314k
Native frames: (J=compiled Java code, j=interpreted, Vv=VM code, C=native code)
C  [libGL.so.1+0x7ebe8]
C  [libc.so.6+0x2bda9]  exit+0xe9
C  [libgdk-x11-2.0.so.0+0x4aa64]
C  [libX11.so.6+0x3efbd]  _XIOError+0x2d
C  [libX11.so.6+0x3fe46]  _XRead+0xc6
C  [libX11.so.6+0x41329]  _XEventsQueued+0x269
C  [libX11.so.6+0x2cf02]  XPending+0x62
C  [libgdk-x11-2.0.so.0+0x3e90d]
C  [libgdk-x11-2.0.so.0+0x3ea01]
C  [libglib-2.0.so.0+0x2d846]  g_main_context_prepare+0x186
C  [libswt-pi-gtk-3557.so+0x33457]  Java_org_eclipse_swt_internal_gtk_OS__1g_1main_1context_1prepare+0x4c
J  org.eclipse.swt.internal.gtk.OS._g_main_context_prepare(I[I)Z

Java frames: (J=compiled Java code, j=interpreted, Vv=VM code)
J  org.eclipse.swt.internal.gtk.OS._g_main_context_prepare(I[I)Z
J  org.eclipse.swt.widgets.Display.sleep()Z
J  org.eclipse.ui.internal.Workbench.runEventLoop(Lorg/eclipse/jface/window/Window$IExceptionHandler;Lorg/eclipse/swt/widgets/Display;)V
j  org.eclipse.ui.internal.Workbench.runUI()I+393
j  org.eclipse.ui.internal.Workbench.access$4(Lorg/eclipse/ui/internal/Workbench;)I+1
j  org.eclipse.ui.internal.Workbench$5.run()V+55
j  org.eclipse.core.databinding.observable.Realm.runWithDefault(Lorg/eclipse/core/databinding/observable/Realm;Ljava/lang/Runnable;)V+12
j  org.eclipse.ui.internal.Workbench.createAndRunWorkbench(Lorg/eclipse/swt/widgets/Display;Lorg/eclipse/ui/application/WorkbenchAdvisor;)I+18
j  org.eclipse.ui.PlatformUI.createAndRunWorkbench(Lorg/eclipse/swt/widgets/Display;Lorg/eclipse/ui/application/WorkbenchAdvisor;)I+2
j  org.eclipse.ui.internal.ide.application.IDEApplication.start(Lorg/eclipse/equinox/app/IApplicationContext;)Ljava/lang/Object;+84
j  org.eclipse.equinox.internal.app.EclipseAppHandle.run(Ljava/lang/Object;)Ljava/lang/Object;+135
j  org.eclipse.core.runtime.internal.adaptor.EclipseAppLauncher.runApplication(Ljava/lang/Object;)Ljava/lang/Object;+103
j  org.eclipse.core.runtime.internal.adaptor.EclipseAppLauncher.start(Ljava/lang/Object;)Ljava/lang/Object;+29
j  org.eclipse.core.runtime.adaptor.EclipseStarter.run(Ljava/lang/Object;)Ljava/lang/Object;+149
j  org.eclipse.core.runtime.adaptor.EclipseStarter.run([Ljava/lang/String;Ljava/lang/Runnable;)Ljava/lang/Object;+183
v  ~StubRoutines::call_stub
j  sun.reflect.NativeMethodAccessorImpl.invoke0(Ljava/lang/reflect/Method;Ljava/lang/Object;[Ljava/lang/Object;)Ljava/lang/Object;+0
j  sun.reflect.NativeMethodAccessorImpl.invoke(Ljava/lang/Object;[Ljava/lang/Object;)Ljava/lang/Object;+87
j  sun.reflect.DelegatingMethodAccessorImpl.invoke(Ljava/lang/Object;[Ljava/lang/Object;)Ljava/lang/Object;+6
j  java.lang.reflect.Method.invoke(Ljava/lang/Object;[Ljava/lang/Object;)Ljava/lang/Object;+161
j  org.eclipse.equinox.launcher.Main.invokeFramework([Ljava/lang/String;[Ljava/net/URL;)V+211
j  org.eclipse.equinox.launcher.Main.basicRun([Ljava/lang/String;)V+114
j  org.eclipse.equinox.launcher.Main.run([Ljava/lang/String;)I+4
j  org.eclipse.equinox.launcher.Main.main([Ljava/lang/String;)V+10
v  ~StubRoutines::call_stub

---------------  P R O C E S S  ---------------

Java Threads: ( => current thread )
  0xa3927800 JavaThread "Worker-24" [_thread_blocked, id=25219, stack(0xacac5000,0xacb16000)]
  0x0a2dc000 JavaThread "Worker-21" [_thread_blocked, id=23193, stack(0xaca74000,0xacac5000)]
  0xa3ae4000 JavaThread "Worker-17" [_thread_blocked, id=14220, stack(0xa049e000,0xa04ef000)]
  0xadef1000 JavaThread "Timer-4" daemon [_thread_blocked, id=32676, stack(0xa37af000,0xa3800000)]
  0xadef0800 JavaThread "Timer-3" daemon [_thread_blocked, id=32674, stack(0xa472d000,0xa477e000)]
  0xa46f7c00 JavaThread "Timer-2" daemon [_thread_blocked, id=32653, stack(0xa4792000,0xa47e3000)]
  0x0a3cdc00 JavaThread "Thread-17" daemon [_thread_blocked, id=32649, stack(0xa47e3000,0xa4834000)]
  0xa4ea3c00 JavaThread "IDLDT DOM Worker-7" [_thread_blocked, id=32627, stack(0xa4834000,0xa4885000)]
  0xa4ea2400 JavaThread "IDLDT DOM Worker-6" [_thread_blocked, id=32626, stack(0xa4885000,0xa48d6000)]
  0xa4ecf400 JavaThread "IDLDT DOM Worker-5" [_thread_blocked, id=32625, stack(0xa48d6000,0xa4927000)]
  0xa4ecdc00 JavaThread "IDLDT DOM Worker-4" [_thread_blocked, id=32624, stack(0xa4927000,0xa4978000)]
  0xa4ecc400 JavaThread "IDLDT DOM Worker-3" [_thread_blocked, id=32623, stack(0xa4978000,0xa49c9000)]
  0xa4eb0c00 JavaThread "IDLDT DOM Worker-2" [_thread_blocked, id=32622, stack(0xa49c9000,0xa4a1a000)]
  0xa4eaf800 JavaThread "IDLDT DOM Worker-1" [_thread_blocked, id=32621, stack(0xa4a1a000,0xa4a6b000)]
  0xa4e5ac00 JavaThread "IDLDT DOM Worker-0" [_thread_blocked, id=32620, stack(0xa4a6b000,0xa4abc000)]
  0xa4ed1800 JavaThread "Timer-0" daemon [_thread_blocked, id=32619, stack(0xa4abc000,0xa4b0d000)]
  0x0a192800 JavaThread "Bundle File Closer" daemon [_thread_blocked, id=32567, stack(0xa6460000,0xa64b1000)]
  0x0a485000 JavaThread "IDL" [_thread_in_native, id=32551, stack(0xad8a1000,0xad9a2000)]
  0x0a488c00 JavaThread "IDLToJava Broker" daemon [_thread_blocked, id=32550, stack(0xad9a2000,0xad9f3000)]
  0x0a22cc00 JavaThread "Framework Event Dispatcher" daemon [_thread_blocked, id=32547, stack(0xae122000,0xae173000)]
  0x09d71400 JavaThread "Start Level Event Dispatcher" daemon [_thread_blocked, id=32546, stack(0xae173000,0xae1c4000)]
  0x09db0000 JavaThread "State Data Manager" daemon [_thread_blocked, id=32545, stack(0xadbaf000,0xadc00000)]
  0x09cfec00 JavaThread "Low Memory Detector" daemon [_thread_blocked, id=32541, stack(0xaed24000,0xaed75000)]
  0xaf3eb400 JavaThread "CompilerThread1" daemon [_thread_blocked, id=32540, stack(0xaed75000,0xaedf6000)]
  0xaf3e9c00 JavaThread "CompilerThread0" daemon [_thread_blocked, id=32539, stack(0xaedf6000,0xaee77000)]
  0xaf3e8400 JavaThread "Signal Dispatcher" daemon [_thread_blocked, id=32538, stack(0xaee77000,0xaeec8000)]
  0xaf3d9000 JavaThread "Finalizer" daemon [_thread_blocked, id=32537, stack(0xaf0c8000,0xaf119000)]
  0xaf3d7800 JavaThread "Reference Handler" daemon [_thread_blocked, id=32536, stack(0xaf119000,0xaf16a000)]
=>0x09c74000 JavaThread "main" [_thread_in_native, id=32526, stack(0xf71d9000,0xf722a000)]

Other Threads:
  0xaf3d3800 VMThread [stack: 0xaf44b000,0xaf4cc000] [id=32535]
  0x09d00c00 WatcherThread [stack: 0xaeca3000,0xaed24000] [id=32542]

VM state:not at safepoint (normal execution)

VM Mutex/Monitor currently owned by a thread: None

Heap
 PSYoungGen      total 56960K, used 2804K [0xecb50000, 0xf04e0000, 0xf3d10000)
  eden space 55936K, 5% used [0xecb50000,0xece0d3b0,0xf01f0000)
  from space 1024K, 0% used [0xf0340000,0xf0340000,0xf0440000)
  to   space 1344K, 0% used [0xf01f0000,0xf01f0000,0xf0340000)
 PSOldGen        total 458752K, used 26267K [0xb3d10000, 0xcfd10000, 0xecb50000)
  object space 458752K, 5% used [0xb3d10000,0xb56b6f48,0xcfd10000)
 PSPermGen       total 42880K, used 42529K [0xafd10000, 0xb26f0000, 0xb3d10000)
  object space 42880K, 99% used [0xafd10000,0xb2698578,0xb26f0000)

Dynamic libraries:
08048000-08052000 r-xp 00000000 00:18 458602                             /SNS/software/itt/idl80/idlde/bin.linux.x86/jre/bin/java
08052000-08053000 rwxp 00009000 00:18 458602                             /SNS/software/itt/idl80/idlde/bin.linux.x86/jre/bin/java
09c5b000-0b7e9000 rwxp 09c5b000 00:00 0                                  [heap]
9df00000-9dffa000 rwxp 9df00000 00:00 0 
9dffa000-9e000000 ---p 9dffa000 00:00 0 
9e100000-9e1ee000 rwxp 9e100000 00:00 0 
9e1ee000-9e200000 ---p 9e1ee000 00:00 0 
9e200000-9e2fb000 rwxp 9e200000 00:00 0 
9e2fb000-9e300000 ---p 9e2fb000 00:00 0 
9e300000-9e4f1000 rwxp 9e300000 00:00 0 
9e4f1000-9e500000 ---p 9e4f1000 00:00 0 
9e500000-9e5eb000 rwxp 9e500000 00:00 0 
9e5eb000-9e600000 ---p 9e5eb000 00:00 0 
9e600000-9e6ff000 rwxp 9e600000 00:00 0 
9e6ff000-9e700000 ---p 9e6ff000 00:00 0 
9e700000-9e7fa000 rwxp 9e700000 00:00 0 
9e7fa000-9e800000 ---p 9e7fa000 00:00 0 
9e800000-9e8e4000 rwxp 9e800000 00:00 0 
9e8e4000-9e900000 ---p 9e8e4000 00:00 0 
9e900000-9ea00000 rwxp 9e900000 00:00 0 
9f000000-9f0dd000 rwxp 9f000000 00:00 0 
9f0dd000-9f100000 ---p 9f0dd000 00:00 0 
9f100000-9f1e5000 rwxp 9f100000 00:00 0 
9f1e5000-9f200000 ---p 9f1e5000 00:00 0 
9f200000-9f300000 rwxp 9f200000 00:00 0 
9f407000-9f42f000 r-xp 00000000 00:18 458318                             /SNS/software/itt/idl80/bin/bin.linux.x86/idl_png.so
9f42f000-9f431000 rwxp 00027000 00:18 458318                             /SNS/software/itt/idl80/bin/bin.linux.x86/idl_png.so
9f431000-9f434000 rwxp 9f431000 00:00 0 
9f434000-9f482000 rwxp 9f434000 00:00 0 
9f482000-9f485000 rwxp 9f482000 00:00 0 
9f485000-9f4d3000 rwxp 9f485000 00:00 0 
9f4d3000-9f4d6000 rwxp 9f4d3000 00:00 0 
9f4d6000-9f524000 rwxp 9f4d6000 00:00 0 
9f524000-9f527000 rwxp 9f524000 00:00 0 
9f527000-9f575000 rwxp 9f527000 00:00 0 
9f575000-9f578000 rwxp 9f575000 00:00 0 
9f578000-9f5c6000 rwxp 9f578000 00:00 0 
9f5c6000-9f5c9000 rwxp 9f5c6000 00:00 0 
9f5c9000-9f617000 rwxp 9f5c9000 00:00 0 
9f617000-9f61a000 rwxp 9f617000 00:00 0 
9f61a000-9f668000 rwxp 9f61a000 00:00 0 
9f668000-9f66b000 rwxp 9f668000 00:00 0 
9f66b000-9f6b9000 rwxp 9f66b000 00:00 0 
9f6b9000-9f6bc000 rwxp 9f6b9000 00:00 0 
9f6bc000-9f70a000 rwxp 9f6bc000 00:00 0 
9f70a000-9f70d000 rwxp 9f70a000 00:00 0 
9f70d000-9f75b000 rwxp 9f70d000 00:00 0 
9f75b000-9f75e000 rwxp 9f75b000 00:00 0 
9f75e000-9f7ac000 rwxp 9f75e000 00:00 0 
9f7ac000-9f7af000 rwxp 9f7ac000 00:00 0 
9f7af000-9f7fd000 rwxp 9f7af000 00:00 0 
9f810000-9f812000 r-xp 00000000 00:1f 337659                             /SNS/users/j35/.idl/itt/idlworkbench-config-idl8.0.0/org.eclipse.osgi/bundles/230/1/.cp/libswt-glx-gtk-3557.so
9f812000-9f813000 rwxp 00002000 00:1f 337659                             /SNS/users/j35/.idl/itt/idlworkbench-config-idl8.0.0/org.eclipse.osgi/bundles/230/1/.cp/libswt-glx-gtk-3557.so
9fdcc000-a0087000 r-xp 00000000 00:18 458298                             /SNS/software/itt/idl80/bin/bin.linux.x86/idl_hdf5.so
a0087000-a008c000 rwxp 002bb000 00:18 458298                             /SNS/software/itt/idl80/bin/bin.linux.x86/idl_hdf5.so
a008c000-a008d000 rwxp a008c000 00:00 0 
a008d000-a0090000 rwxp a008d000 00:00 0 
a0090000-a00de000 rwxp a0090000 00:00 0 
a00de000-a03f8000 r-xp 00000000 00:18 458258                             /SNS/software/itt/idl80/bin/bin.linux.x86/libxerces-c2_6_0.so.26.0
a03f8000-a0429000 rwxp 00319000 00:18 458258                             /SNS/software/itt/idl80/bin/bin.linux.x86/libxerces-c2_6_0.so.26.0
a0429000-a044a000 r-xp 00000000 00:18 458332                             /SNS/software/itt/idl80/bin/bin.linux.x86/idl_xml.so
a044a000-a044d000 rwxp 00021000 00:18 458332                             /SNS/software/itt/idl80/bin/bin.linux.x86/idl_xml.so
a044d000-a0450000 rwxp a044d000 00:00 0 
a0450000-a049e000 rwxp a0450000 00:00 0 
a049e000-a04a1000 ---p a049e000 00:00 0 
a04a1000-a04ef000 rwxp a04a1000 00:00 0 
a04ef000-a06aa000 r-xp 00000000 fd:03 3494564                            /usr/share/icons/hicolor/icon-theme.cache
a06aa000-a0c9b000 r-xp 00000000 fd:03 3595959                            /usr/share/icons/gnome/icon-theme.cache
a0c9b000-a1a2d000 r-xp 00000000 fd:03 3697198                            /usr/share/icons/Bluecurve/icon-theme.cache
a1a2d000-a1a3b000 r-xp 00000000 fd:03 3658434                            /usr/share/icons/Clearlooks/icon-theme.cache
a1a3f000-a1bfa000 r-xp 00000000 fd:03 3494564                            /usr/share/icons/hicolor/icon-theme.cache
a1bfa000-a21eb000 r-xp 00000000 fd:03 3595959                            /usr/share/icons/gnome/icon-theme.cache
a21eb000-a2f7d000 r-xp 00000000 fd:03 3697198                            /usr/share/icons/Bluecurve/icon-theme.cache
a2f7d000-a2f8b000 r-xp 00000000 fd:03 3658434                            /usr/share/icons/Clearlooks/icon-theme.cache
a2f8b000-a2f93000 r-xp 00000000 fd:03 2189438                            /usr/lib/libkrb5support.so.0.1
a2f93000-a2f94000 rwxp 00007000 fd:03 2189438                            /usr/lib/libkrb5support.so.0.1
a2f94000-a306e000 r-xp 00000000 fd:00 131844                             /lib/libasound.so.2.0.0
a306e000-a3073000 rwxp 000d9000 fd:00 131844                             /lib/libasound.so.2.0.0
a3073000-a3098000 r-xp 00000000 fd:03 2189426                            /usr/lib/libk5crypto.so.3.1
a3098000-a3099000 rwxp 00025000 fd:03 2189426                            /usr/lib/libk5crypto.so.3.1
a3099000-a312c000 r-xp 00000000 fd:03 2189436                            /usr/lib/libkrb5.so.3.3
a312c000-a312f000 rwxp 00092000 fd:03 2189436                            /usr/lib/libkrb5.so.3.3
a312f000-a315b000 r-xp 00000000 fd:03 2189422                            /usr/lib/libgssapi_krb5.so.2.2
a315b000-a315c000 rwxp 0002c000 fd:03 2189422                            /usr/lib/libgssapi_krb5.so.2.2
a315c000-a317d000 r-xp 00000000 fd:03 2189193                            /usr/lib/libjpeg.so.62.0.0
a317d000-a317e000 rwxp 00020000 fd:03 2189193                            /usr/lib/libjpeg.so.62.0.0
a317e000-a318a000 r-xp 00000000 fd:03 2189537                            /usr/lib/libgnome-keyring.so.0.0.1
a318a000-a318b000 rwxp 0000b000 fd:03 2189537                            /usr/lib/libgnome-keyring.so.0.0.1
a318b000-a31a1000 r-xp 00000000 fd:03 2189261                            /usr/lib/libart_lgpl_2.so.2.3.17
a31a1000-a31a2000 rwxp 00016000 fd:03 2189261                            /usr/lib/libart_lgpl_2.so.2.3.17
a31a2000-a31ce000 r-xp 00000000 fd:03 2189529                            /usr/lib/libgnomecanvas-2.so.0.1400.0
a31ce000-a31cf000 rwxp 0002b000 fd:03 2189529                            /usr/lib/libgnomecanvas-2.so.0.1400.0
a31cf000-a3233000 r-xp 00000000 fd:03 2189627                            /usr/lib/libbonoboui-2.so.0.0.0
a3233000-a3236000 rwxp 00063000 fd:03 2189627                            /usr/lib/libbonoboui-2.so.0.0.0
a3236000-a323d000 r-xp 00000000 fd:03 2189176                            /usr/lib/libpopt.so.0.0.0
a323d000-a323e000 rwxp 00006000 fd:03 2189176                            /usr/lib/libpopt.so.0.0.0
a323e000-a3265000 r-xp 00000000 fd:03 2189259                            /usr/lib/libaudiofile.so.0.0.2
a3265000-a3268000 rwxp 00026000 fd:03 2189259                            /usr/lib/libaudiofile.so.0.0.2
a3268000-a3271000 r-xp 00000000 fd:03 2189484                            /usr/lib/libesd.so.0.2.36
a3271000-a3272000 rwxp 00009000 fd:03 2189484                            /usr/lib/libesd.so.0.2.36
a3272000-a3286000 r-xp 00000000 fd:03 2189309                            /usr/lib/libbonobo-activation.so.4.0.0
a3286000-a3288000 rwxp 00014000 fd:03 2189309                            /usr/lib/libbonobo-activation.so.4.0.0
a3288000-a32e2000 r-xp 00000000 fd:03 2189307                            /usr/lib/libbonobo-2.so.0.0.0
a32e2000-a32ec000 rwxp 0005a000 fd:03 2189307                            /usr/lib/libbonobo-2.so.0.0.0
a32ec000-a32fb000 r-xp 00000000 fd:03 2190046                            /usr/lib/libavahi-client.so.3.2.1
a32fb000-a32fc000 rwxp 0000e000 fd:03 2190046                            /usr/lib/libavahi-client.so.3.2.1
a32fc000-a3426000 r-xp 00000000 fd:00 131776                             /lib/libcrypto.so.0.9.8e
a3426000-a3439000 rwxp 00129000 fd:00 131776                             /lib/libcrypto.so.0.9.8e
a3439000-a343d000 rwxp a3439000 00:00 0 
a343d000-a3481000 r-xp 00000000 fd:00 131778                             /lib/libssl.so.0.9.8e
a3481000-a3485000 rwxp 00043000 fd:00 131778                             /lib/libssl.so.0.9.8e
a3485000-a34c2000 r-xp 00000000 fd:00 131858                             /lib/libdbus-1.so.3.4.0
a34c2000-a34c4000 rwxp 0003c000 fd:00 131858                             /lib/libdbus-1.so.3.4.0
a34c4000-a34e1000 r-xp 00000000 fd:03 2189542                            /usr/lib/libdbus-glib-1.so.2.1.0
a34e1000-a34e2000 rwxp 0001d000 fd:03 2189542                            /usr/lib/libdbus-glib-1.so.2.1.0
a34e2000-a360e000 r-xp 00000000 fd:03 2189167                            /usr/lib/libxml2.so.2.6.26
a360e000-a3613000 rwxp 0012c000 fd:03 2189167                            /usr/lib/libxml2.so.2.6.26
a3613000-a3614000 rwxp a3613000 00:00 0 
a3614000-a3662000 r-xp 00000000 fd:03 2189279                            /usr/lib/libORBit-2.so.0.1.0
a3662000-a366c000 rwxp 0004d000 fd:03 2189279                            /usr/lib/libORBit-2.so.0.1.0
a366c000-a369f000 r-xp 00000000 fd:03 2189531                            /usr/lib/libgconf-2.so.4.1.0
a369f000-a36a2000 rwxp 00032000 fd:03 2189531                            /usr/lib/libgconf-2.so.4.1.0
a36a2000-a3732000 r-xp 00000000 fd:03 2189629                            /usr/lib/libgnomeui-2.so.0.1600.0
a3732000-a3735000 rwxp 0008f000 fd:03 2189629                            /usr/lib/libgnomeui-2.so.0.1600.0
a3735000-a3736000 rwxp a3735000 00:00 0 
a3736000-a374b000 r-xp 00000000 fd:03 2189625                            /usr/lib/libgnome-2.so.0.1600.0
a374b000-a374c000 rwxp 00014000 fd:03 2189625                            /usr/lib/libgnome-2.so.0.1600.0
a374c000-a37ac000 r-xp 00000000 fd:03 2189622                            /usr/lib/libgnomevfs-2.so.0.1600.2
a37ac000-a37af000 rwxp 0005f000 fd:03 2189622                            /usr/lib/libgnomevfs-2.so.0.1600.2
a37af000-a37b2000 ---p a37af000 00:00 0 
a37b2000-a38fd000 rwxp a37b2000 00:00 0 
a38fd000-a3900000 ---p a38fd000 00:00 0 
a3900000-a39fb000 rwxp a3900000 00:00 0 
a39fb000-a3a00000 ---p a39fb000 00:00 0 
a3a00000-a3afa000 rwxp a3a00000 00:00 0 
a3afa000-a3b00000 ---p a3afa000 00:00 0 
a3b00000-a3bed000 rwxp a3b00000 00:00 0 
a3bed000-a3c00000 ---p a3bed000 00:00 0 
a3c00000-a3cf3000 rwxp a3c00000 00:00 0 
a3cf3000-a3d00000 ---p a3cf3000 00:00 0 
a3d00000-a3dfe000 rwxp a3d00000 00:00 0 
a3dfe000-a3e00000 ---p a3dfe000 00:00 0 
a3e00000-a3efb000 rwxp a3e00000 00:00 0 
a3efb000-a3f00000 ---p a3efb000 00:00 0 
a3f00000-a3fe2000 rwxp a3f00000 00:00 0 
a3fe2000-a4000000 ---p a3fe2000 00:00 0 
a4000000-a40fd000 rwxp a4000000 00:00 0 
a40fd000-a4100000 ---p a40fd000 00:00 0 
a4100000-a41ff000 rwxp a4100000 00:00 0 
a41ff000-a4200000 ---p a41ff000 00:00 0 
a4200000-a42f8000 rwxp a4200000 00:00 0 
a42f8000-a4300000 ---p a42f8000 00:00 0 
a4300000-a43f5000 rwxp a4300000 00:00 0 
a43f5000-a4400000 ---p a43f5000 00:00 0 
a4400000-a44fd000 rwxp a4400000 00:00 0 
a44fd000-a4500000 ---p a44fd000 00:00 0 
a4500000-a45fe000 rwxp a4500000 00:00 0 
a45fe000-a4600000 ---p a45fe000 00:00 0 
a4600000-a46fe000 rwxp a4600000 00:00 0 
a46fe000-a4700000 ---p a46fe000 00:00 0 
a4701000-a470c000 r-xp 00000000 fd:03 2189555                            /usr/lib/libavahi-common.so.3.4.3
a470c000-a470d000 rwxp 0000a000 fd:03 2189555                            /usr/lib/libavahi-common.so.3.4.3
a4710000-a4716000 r-xp 00000000 fd:03 2189255                            /usr/lib/libfam.so.0.0.0
a4716000-a4717000 rwxp 00006000 fd:03 2189255                            /usr/lib/libfam.so.0.0.0
a4717000-a471d000 r-xp 00000000 fd:00 131166                             /lib/libacl.so.1.1.0
a471d000-a471e000 rwxp 00005000 fd:00 131166                             /lib/libacl.so.1.1.0
a471e000-a472c000 r-xp 00000000 fd:03 2285748                            /usr/lib/gnome-vfs-2.0/modules/libfile.so
a472c000-a472d000 rwxp 0000d000 fd:03 2285748                            /usr/lib/gnome-vfs-2.0/modules/libfile.so
a472d000-a4730000 ---p a472d000 00:00 0 
a4730000-a477e000 rwxp a4730000 00:00 0 
a477e000-a4791000 r-xp 00000000 fd:02 98349                              /tmp/jna8089378827617688316.tmp
a4791000-a4792000 rwxp 00013000 fd:02 98349                              /tmp/jna8089378827617688316.tmp
a4792000-a4795000 ---p a4792000 00:00 0 
a4795000-a47e3000 rwxp a4795000 00:00 0 
a47e3000-a47e6000 ---p a47e3000 00:00 0 
a47e6000-a4834000 rwxp a47e6000 00:00 0 
a4834000-a4837000 ---p a4834000 00:00 0 
a4837000-a4885000 rwxp a4837000 00:00 0 
a4885000-a4888000 ---p a4885000 00:00 0 
a4888000-a48d6000 rwxp a4888000 00:00 0 
a48d6000-a48d9000 ---p a48d6000 00:00 0 
a48d9000-a4927000 rwxp a48d9000 00:00 0 
a4927000-a492a000 ---p a4927000 00:00 0 
a492a000-a4978000 rwxp a492a000 00:00 0 
a4978000-a497b000 ---p a4978000 00:00 0 
a497b000-a49c9000 rwxp a497b000 00:00 0 
a49c9000-a49cc000 ---p a49c9000 00:00 0 
a49cc000-a4a1a000 rwxp a49cc000 00:00 0 
a4a1a000-a4a1d000 ---p a4a1a000 00:00 0 
a4a1d000-a4a6b000 rwxp a4a1d000 00:00 0 
a4a6b000-a4a6e000 ---p a4a6b000 00:00 0 
a4a6e000-a4abc000 rwxp a4a6e000 00:00 0 
a4abc000-a4abf000 ---p a4abc000 00:00 0 
a4abf000-a4b0d000 rwxp a4abf000 00:00 0 
a4b0d000-a4b10000 rwxp a4b0d000 00:00 0 
a4b10000-a4b5e000 rwxp a4b10000 00:00 0 
a4b5e000-a4b61000 rwxp a4b5e000 00:00 0 
a4b61000-a4baf000 rwxp a4b61000 00:00 0 
a4baf000-a4bb2000 rwxp a4baf000 00:00 0 
a4bb2000-a4cfd000 rwxp a4bb2000 00:00 0 
a4cfd000-a4d00000 ---p a4cfd000 00:00 0 
a4d25000-a4d4a000 r-xs 001af000 00:18 471061                             /SNS/software/itt/idl80/idlde/plugins/org.tigris.subversion.subclipse.ui_1.6.14.jar
a4d4a000-a4d4d000 rwxp a4d4a000 00:00 0 
a4d4d000-a4d9b000 rwxp a4d4d000 00:00 0 
a4d9b000-a4dc7000 r-xp 00000000 fd:03 3688899                            /usr/share/fonts/dejavu-lgc/DejaVuLGCSansMono-BoldOblique.ttf
a4dc7000-a4e00000 r-xp 00000000 fd:03 3688898                            /usr/share/fonts/dejavu-lgc/DejaVuLGCSansMono-Bold.ttf
a4e00000-a4f00000 rwxp a4e00000 00:00 0 
a4f01000-a4f2f000 r-xp 00000000 fd:03 3688900                            /usr/share/fonts/dejavu-lgc/DejaVuLGCSansMono-Oblique.ttf
a4f2f000-a4f99000 r-xp 00000000 fd:03 3688890                            /usr/share/fonts/dejavu-lgc/DejaVuLGCSans-BoldOblique.ttf
a4f99000-a5000000 r-xp 00000000 fd:03 3688892                            /usr/share/fonts/dejavu-lgc/DejaVuLGCSans-Oblique.ttf
a5000000-a50f6000 rwxp a5000000 00:00 0 
a50f6000-a5100000 ---p a50f6000 00:00 0 
a5100000-a51f8000 rwxp a5100000 00:00 0 
a51f8000-a5200000 ---p a51f8000 00:00 0 
a5200000-a5400000 rwxp a5200000 00:00 0 
a5400000-a5500000 rwxp a5400000 00:00 0 
a5500000-a55fd000 rwxp a5500000 00:00 0 
a55fd000-a5600000 ---p a55fd000 00:00 0 
a5600000-a5604000 r-xp 00000000 fd:00 131155                             /lib/libattr.so.1.1.0
a5604000-a5605000 rwxp 00003000 fd:00 131155                             /lib/libattr.so.1.1.0
a5605000-a563f000 r-xp 00000000 fd:03 3688901                            /usr/share/fonts/dejavu-lgc/DejaVuLGCSansMono.ttf
a563f000-a5642000 rwxp a563f000 00:00 0 
a5642000-a5690000 rwxp a5642000 00:00 0 
a5690000-a56fd000 r-xp 00000000 fd:03 3688893                            /usr/share/fonts/dejavu-lgc/DejaVuLGCSans.ttf
a5700000-a57f2000 rwxp a5700000 00:00 0 
a57f2000-a5800000 ---p a57f2000 00:00 0 
a5800000-a5804000 r-xp 00000000 fd:03 2189283                            /usr/lib/libORBitCosNaming-2.so.0.1.0
a5804000-a5805000 rwxp 00004000 fd:03 2189283                            /usr/lib/libORBitCosNaming-2.so.0.1.0
a5805000-a580c000 r-xs 00091000 00:18 458685                             /SNS/software/itt/idl80/idlde/bin.linux.x86/jre/lib/jsse.jar
a580c000-a5815000 r-xs 00056000 00:18 450018                             /SNS/software/itt/idl80/idlde/plugins/org.eclipse.team.core_3.5.1.r35x_20100113-0800.jar
a5815000-a581b000 r-xs 00043000 00:18 471057                             /SNS/software/itt/idl80/idlde/plugins/org.tigris.subversion.subclipse.core_1.6.14.jar
a581b000-a5884000 r-xp 00000000 fd:03 3688889                            /usr/share/fonts/dejavu-lgc/DejaVuLGCSans-Bold.ttf
a5884000-a588e000 r-xs 000a3000 00:18 449999                             /SNS/software/itt/idl80/idlde/plugins/org.eclipse.core.resources_3.5.2.R35x_v20091203-1235.jar
a588e000-a5897000 r-xs 00068000 00:18 450017                             /SNS/software/itt/idl80/idlde/plugins/org.eclipse.search_3.5.1.r351_v20090708-0800.jar
a5897000-a58aa000 r-xs 000db000 00:18 450021                             /SNS/software/itt/idl80/idlde/plugins/org.eclipse.jface.text_3.5.2.r352_v20091118-0800.jar
a58aa000-a58ae000 r-xs 00022000 00:18 449977                             /SNS/software/itt/idl80/idlde/plugins/org.eclipse.ui.workbench.texteditor.nl1_3.2.0.v200609270227.jar
a58ae000-a58b9000 r-xs 0007f000 00:18 450030                             /SNS/software/itt/idl80/idlde/plugins/org.eclipse.ui.workbench.texteditor_3.5.1.r352_v20100105.jar
a58b9000-a58e9000 r-xs 00210000 00:18 450014                             /SNS/software/itt/idl80/idlde/plugins/org.eclipse.debug.ui_3.5.2.v20091028_r352.jar
a58e9000-a58f4000 r-xs 0007d000 00:18 450032                             /SNS/software/itt/idl80/idlde/plugins/org.eclipse.ui.editors_3.5.0.v20090527-2000.jar
a58f4000-a58fe000 r-xp 00000000 00:1f 512202                             /SNS/users/j35/.idl/itt/idlworkbench-config-idl8.0.0/org.eclipse.osgi/bundles/230/1/.cp/libswt-cairo-gtk-3557.so
a58fe000-a58ff000 rwxp 00009000 00:1f 512202                             /SNS/users/j35/.idl/itt/idlworkbench-config-idl8.0.0/org.eclipse.osgi/bundles/230/1/.cp/libswt-cairo-gtk-3557.so
a58ff000-a5902000 rwxp a58ff000 00:00 0 
a5902000-a63f8000 rwxp a5902000 00:00 0 
a63f8000-a6400000 ---p a63f8000 00:00 0 
a6402000-a6408000 r-xp 00000000 00:1f 512195                             /SNS/users/j35/.idl/itt/idlworkbench-config-idl8.0.0/org.eclipse.osgi/bundles/230/1/.cp/libswt-atk-gtk-3557.so
a6408000-a6409000 rwxp 00005000 00:1f 512195                             /SNS/users/j35/.idl/itt/idlworkbench-config-idl8.0.0/org.eclipse.osgi/bundles/230/1/.cp/libswt-atk-gtk-3557.so
a6409000-a640e000 r-xp 00000000 fd:03 2285476                            /usr/lib/gtk-2.0/2.10.0/loaders/libpixbufloader-gif.so
a640e000-a640f000 rwxp 00005000 fd:03 2285476                            /usr/lib/gtk-2.0/2.10.0/loaders/libpixbufloader-gif.so
a640f000-a6412000 rwxp a640f000 00:00 0 
a6412000-a6460000 rwxp a6412000 00:00 0 
a6460000-a6463000 ---p a6460000 00:00 0 
a6463000-a64b1000 rwxp a6463000 00:00 0 
a64b1000-a64b4000 r-xp 00000000 fd:00 131157                             /lib/libcap.so.1.10
a64b4000-a64b5000 rwxp 00002000 fd:00 131157                             /lib/libcap.so.1.10
a64b5000-a64b6000 ---p a64b5000 00:00 0 
a64b6000-a6eb6000 rwxp a64b6000 00:00 0 
a6eb6000-a7efd000 r-xp 00000000 fd:03 2189406                            /usr/lib/libGLcore.so.190.53
a7efd000-a7f43000 rwxp 01046000 fd:03 2189406                            /usr/lib/libGLcore.so.190.53
a7f43000-a7f51000 rwxp a7f43000 00:00 0 
a7f51000-a802f000 r-xp 00000000 fd:03 2189786                            /usr/lib/libstdc++.so.6.0.8
a802f000-a8032000 r-xp 000dd000 fd:03 2189786                            /usr/lib/libstdc++.so.6.0.8
a8032000-a8034000 rwxp 000e0000 fd:03 2189786                            /usr/lib/libstdc++.so.6.0.8
a8034000-a803a000 rwxp a8034000 00:00 0 
a803a000-a80d1000 r-xp 00000000 fd:03 2189405                            /usr/lib/libGL.so.190.53
a80d1000-a80ea000 rwxp 00097000 fd:03 2189405                            /usr/lib/libGL.so.190.53
a80ea000-a80f9000 rwxp a80ea000 00:00 0 
a80f9000-a80fa000 ---p a80f9000 00:00 0 
a80fa000-a8afa000 rwxp a80fa000 00:00 0 
a8afa000-a8afb000 ---p a8afa000 00:00 0 
a8afb000-a94fb000 rwxp a8afb000 00:00 0 
a94fb000-a94fc000 ---p a94fb000 00:00 0 
a94fc000-a9efc000 rwxp a94fc000 00:00 0 
a9efc000-a9efd000 ---p a9efc000 00:00 0 
a9efd000-aa8fd000 rwxp a9efd000 00:00 0 
aa8fd000-aa8fe000 ---p aa8fd000 00:00 0 
aa8fe000-ab2fe000 rwxp aa8fe000 00:00 0 
ab2fe000-ab2ff000 ---p ab2fe000 00:00 0 
ab2ff000-abcff000 rwxp ab2ff000 00:00 0 
abcff000-abd00000 ---p abcff000 00:00 0 
abd00000-ac7f9000 rwxp abd00000 00:00 0 
ac7f9000-ac800000 ---p ac7f9000 00:00 0 
ac800000-ac806000 r-xs 00037000 00:18 450020                             /SNS/software/itt/idl80/idlde/plugins/org.eclipse.text_3.5.0.v20090513-2000.jar
ac807000-ac80e000 r-xs 0004c000 00:18 449454                             /SNS/software/itt/idl80/idlde/plugins/com.rsi.idldt.graphics_8.0.0.jar
ac813000-ac828000 r-xs 001b5000 00:1f 512657                             /SNS/users/j35/.idl/itt/idlworkbench-config-idl8.0.0/org.eclipse.osgi/bundles/287/1/.cp/svnkit.jar
ac828000-ac8a7000 r-xp 00000000 fd:03 2189413                            /usr/lib/libGLU.so.1.3.060501
ac8a7000-ac8a8000 rwxp 0007f000 fd:03 2189413                            /usr/lib/libGLU.so.1.3.060501
ac8a8000-ac8aa000 r-xs 00000000 00:1f 366165                             /SNS/users/j35/.fontconfig/87f5e051180a7a75f16eb6fe7dbd3749-x86.cache-2
ac8aa000-ac8b0000 r-xs 00000000 00:1f 366163                             /SNS/users/j35/.fontconfig/b79f3aaa7d385a141ab53ec885cc22a8-x86.cache-2
ac8b0000-ac8b3000 r-xs 00000000 00:1f 366161                             /SNS/users/j35/.fontconfig/b67b32625a2bb51b023d3814a918f351-x86.cache-2
ac8b3000-ac8b9000 r-xs 00000000 00:1f 366159                             /SNS/users/j35/.fontconfig/7ddba6133ef499da58de5e8c586d3b75-x86.cache-2
ac8b9000-ac8bb000 r-xs 00000000 00:1f 366155                             /SNS/users/j35/.fontconfig/e3ead4b767b8819993a6fa3ae306afa9-x86.cache-2
ac8bb000-ac8c3000 r-xs 00000000 00:1f 366153                             /SNS/users/j35/.fontconfig/e19de935dec46bbf3ed114ee4965548a-x86.cache-2
ac8c3000-ac8c8000 r-xs 00000000 00:1f 366151                             /SNS/users/j35/.fontconfig/beeeeb3dfe132a8a0633a017c99ce0c0-x86.cache-2
ac8c8000-ac8ff000 r-xp 00000000 00:18 458256                             /SNS/software/itt/idl80/bin/bin.linux.x86/gl_driver.so.8.0
ac8ff000-ac900000 rwxp 00037000 00:18 458256                             /SNS/software/itt/idl80/bin/bin.linux.x86/gl_driver.so.8.0
ac900000-ac9fc000 rwxp ac900000 00:00 0 
ac9fc000-aca00000 ---p ac9fc000 00:00 0 
aca00000-aca02000 r-xp 00000000 fd:03 2284919                            /usr/lib/pango/1.5.0/modules/pango-basic-fc.so
aca02000-aca03000 rwxp 00001000 fd:03 2284919                            /usr/lib/pango/1.5.0/modules/pango-basic-fc.so
aca14000-aca1b000 r-xs 00047000 00:18 450015                             /SNS/software/itt/idl80/idlde/plugins/org.eclipse.ltk.core.refactoring_3.5.0.v20090513-2000.jar
aca1b000-aca1d000 rwxp 00000000 00:11 3968                               /dev/zero
aca1d000-aca1e000 r-xp 00000000 fd:03 2219682                            /usr/lib/tls/libnvidia-tls.so.190.53
aca1e000-aca1f000 rwxp 00000000 fd:03 2219682                            /usr/lib/tls/libnvidia-tls.so.190.53
aca24000-aca26000 r-xp 00000000 fd:00 131124                             /lib/libutil-2.5.so
aca26000-aca27000 r-xp 00001000 fd:00 131124                             /lib/libutil-2.5.so
aca27000-aca28000 rwxp 00002000 fd:00 131124                             /lib/libutil-2.5.so
aca28000-aca39000 r-xs 000e7000 00:18 449453                             /SNS/software/itt/idl80/idlde/plugins/com.rsi.idldt.ui_8.0.0.jar
aca3a000-aca3c000 r-xp 00000000 fd:03 2189547                            /usr/lib/libavahi-glib.so.1.0.1
aca3c000-aca3d000 rwxp 00002000 fd:03 2189547                            /usr/lib/libavahi-glib.so.1.0.1
aca41000-aca44000 r-xs 00013000 00:18 458694                             /SNS/software/itt/idl80/idlde/bin.linux.x86/jre/lib/jce.jar
aca4a000-aca54000 r-xs 00066000 00:18 450016                             /SNS/software/itt/idl80/idlde/plugins/org.eclipse.ltk.ui.refactoring_3.4.101.r352_v20100209.jar
aca54000-aca57000 r-xs 00018000 00:18 449486                             /SNS/software/itt/idl80/idlde/plugins/org.eclipse.equinox.preferences_3.2.301.R35x_v20091117.jar
aca57000-aca5a000 r-xs 00013000 00:18 450031                             /SNS/software/itt/idl80/idlde/plugins/org.eclipse.ui.views_3.4.1.M20090826-0800.jar
aca5a000-aca61000 r-xs 00111000 00:18 458740                             /SNS/software/itt/idl80/idlde/bin.linux.x86/jre/lib/resources.jar
aca62000-aca65000 r-xs 0000c000 00:18 449456                             /SNS/software/itt/idl80/idlde/plugins/com.rsi.idldt.nl_8.0.0.jar
aca65000-aca69000 r-xs 000a4000 00:18 449460                             /SNS/software/itt/idl80/idlde/plugins/com.rsi.idldt_8.0.0.jar
aca69000-aca6b000 r-xs 00003000 00:18 449940                             /SNS/software/itt/idl80/idlde/plugins/org.eclipse.ui.browser.nl2a_3.2.0.v200609270227.jar
aca6b000-aca74000 r-xs 00050000 00:18 450027                             /SNS/software/itt/idl80/idlde/plugins/org.eclipse.ui.navigator_3.4.2.M20100120-0800.jar
aca74000-aca77000 ---p aca74000 00:00 0 
aca77000-acac5000 rwxp aca77000 00:00 0 
acac5000-acac8000 ---p acac5000 00:00 0 
acac8000-acb16000 rwxp acac8000 00:00 0 
acb16000-acb2d000 r-xp 00000000 fd:03 2189191                            /usr/lib/libICE.so.6.3.0
acb2d000-acb2e000 rwxp 00016000 fd:03 2189191                            /usr/lib/libICE.so.6.3.0
acb2e000-acb30000 rwxp acb2e000 00:00 0 
acb30000-acb38000 r-xp 00000000 fd:03 2189195                            /usr/lib/libSM.so.6.0.0
acb38000-acb39000 rwxp 00007000 fd:03 2189195                            /usr/lib/libSM.so.6.0.0
acb39000-acb8c000 r-xp 00000000 fd:03 2189352                            /usr/lib/libXt.so.6.0.0
acb8c000-acb8f000 rwxp 00053000 fd:03 2189352                            /usr/lib/libXt.so.6.0.0
acb8f000-acb90000 rwxp acb8f000 00:00 0 
acb90000-acba6000 r-xp 00000000 fd:03 2189359                            /usr/lib/libXmu.so.6.2.0
acba6000-acba7000 rwxp 00016000 fd:03 2189359                            /usr/lib/libXmu.so.6.2.0
acba7000-acbb7000 r-xp 00000000 fd:03 2189357                            /usr/lib/libXpm.so.4.11.0
acbb7000-acbb8000 rwxp 00010000 fd:03 2189357                            /usr/lib/libXpm.so.4.11.0
acbb8000-acbbf000 r-xp 00000000 00:18 458266                             /SNS/software/itt/idl80/bin/bin.linux.x86/libXp.so.6.2
acbbf000-acbc0000 rwxp 00006000 00:18 458266                             /SNS/software/itt/idl80/bin/bin.linux.x86/libXp.so.6.2
acbc0000-acc24000 r-xp 00000000 00:18 458261                             /SNS/software/itt/idl80/bin/bin.linux.x86/libfreetype2_3_6.so.6.3.17
acc24000-acc28000 rwxp 00064000 00:18 458261                             /SNS/software/itt/idl80/bin/bin.linux.x86/libfreetype2_3_6.so.6.3.17
acc28000-ad69e000 r-xp 00000000 00:18 458240                             /SNS/software/itt/idl80/bin/bin.linux.x86/libidl.so.8.0
ad69e000-ad745000 rwxp 00a76000 00:18 458240                             /SNS/software/itt/idl80/bin/bin.linux.x86/libidl.so.8.0
ad745000-ad853000 rwxp ad745000 00:00 0 
ad853000-ad85e000 r-xp 00000000 fd:00 131134                             /lib/libgcc_s-4.1.2-20080825.so.1
ad85e000-ad85f000 rwxp 0000a000 fd:00 131134                             /lib/libgcc_s-4.1.2-20080825.so.1
ad85f000-ad860000 rwxp ad85f000 00:00 0 
ad860000-ad863000 r-xs 00027000 00:18 458619                             /SNS/software/itt/idl80/idlde/bin.linux.x86/jre/lib/ext/sunjce_provider.jar
ad864000-ad867000 r-xs 00010000 00:18 449946                             /SNS/software/itt/idl80/idlde/plugins/org.eclipse.ui.editors.nl2a_3.2.1.v200609270227.jar
ad867000-ad86a000 r-xs 00015000 00:18 449944                             /SNS/software/itt/idl80/idlde/plugins/org.eclipse.ui.editors.nl1_3.2.1.v200609270227.jar
ad86a000-ad86c000 r-xs 00009000 00:18 449945                             /SNS/software/itt/idl80/idlde/plugins/org.eclipse.ui.editors.nl2_3.2.1.v200609270227.jar
ad86c000-ad86f000 r-xs 00004000 00:18 449576                             /SNS/software/itt/idl80/idlde/plugins/org.eclipse.jface.text.nl1_3.2.1.v200609270227.jar
ad86f000-ad872000 r-xp 00000000 00:1f 512870                             /SNS/users/j35/.idl/itt/idlworkbench-config-idl8.0.0/org.eclipse.osgi/bundles/230/1/.cp/libswt-gnome-gtk-3557.so
ad872000-ad873000 rwxp 00002000 00:1f 512870                             /SNS/users/j35/.idl/itt/idlworkbench-config-idl8.0.0/org.eclipse.osgi/bundles/230/1/.cp/libswt-gnome-gtk-3557.so
ad874000-ad876000 r-xs 00004000 00:18 449581                             /SNS/software/itt/idl80/idlde/plugins/org.eclipse.ltk.core.refactoring.nl2a_3.2.1.v200609270227.jar
ad876000-ad878000 r-xs 0000d000 00:18 449582                             /SNS/software/itt/idl80/idlde/plugins/org.eclipse.ltk.ui.refactoring.nl1_3.2.1.v200609270227.jar
ad878000-ad87c000 r-xs 0002a000 00:18 450026                             /SNS/software/itt/idl80/idlde/plugins/org.eclipse.ui.browser_3.2.301.v20091215_35x.jar
ad87d000-ad87f000 r-xs 00004000 00:18 449938                             /SNS/software/itt/idl80/idlde/plugins/org.eclipse.ui.browser.nl1_3.2.0.v200609270227.jar
ad87f000-ad891000 r-xp 00000000 00:18 458264                             /SNS/software/itt/idl80/bin/bin.linux.x86/libidl_ips.so.8.0
ad891000-ad892000 rwxp 00011000 00:18 458264                             /SNS/software/itt/idl80/bin/bin.linux.x86/libidl_ips.so.8.0
ad892000-ad8a1000 rwxp ad892000 00:00 0 
ad8a1000-ad8a4000 ---p ad8a1000 00:00 0 
ad8a4000-ad9a2000 rwxp ad8a4000 00:00 0 
ad9a2000-ad9a5000 ---p ad9a2000 00:00 0 
ad9a5000-ad9f3000 rwxp ad9a5000 00:00 0 
ad9f4000-ad9f6000 r-xs 00410000 00:18 471062                             /SNS/software/itt/idl80/idlde/plugins/org.tmatesoft.svnkit_1.3.4.6888.jar
ad9f6000-ad9fb000 r-xs 0002c000 00:18 449559                             /SNS/software/itt/idl80/idlde/plugins/org.eclipse.debug.ui.nl2a_3.2.1.v200609270227.jar
ad9fb000-ada02000 r-xs 000bc000 00:18 449452                             /SNS/software/itt/idl80/idlde/plugins/com.rsi.idldt.core_8.0.0.jar
ada02000-ada05000 r-xs 000e5000 00:18 471052                             /SNS/software/itt/idl80/idlde/plugins/com.sun.jna_3.2.7.jar
ada05000-ada23000 r-xs 00568000 00:18 449458                             /SNS/software/itt/idl80/idlde/plugins/com.ibm.icu_4.0.1.v20090822.jar
ada23000-ada26000 r-xs 00017000 00:18 449558                             /SNS/software/itt/idl80/idlde/plugins/org.eclipse.debug.ui.nl2_3.2.1.v200609270227.jar
ada26000-ada2c000 r-xs 00037000 00:18 449557                             /SNS/software/itt/idl80/idlde/plugins/org.eclipse.debug.ui.nl1_3.2.1.v200609270227.jar
ada2c000-ada34000 r-xs 00047000 00:18 450013                             /SNS/software/itt/idl80/idlde/plugins/org.eclipse.debug.core_3.5.1.v20091103_r352.jar
ada34000-ada36000 r-xs 00004000 00:18 449578                             /SNS/software/itt/idl80/idlde/plugins/org.eclipse.jface.text.nl2a_3.2.1.v200609270227.jar
ada36000-ada39000 rwxp ada36000 00:00 0 
ada39000-ada87000 rwxp ada39000 00:00 0 
ada87000-ada89000 r-xp 00000000 00:1f 512292                             /SNS/users/j35/.idl/itt/idlworkbench-config-idl8.0.0/org.eclipse.osgi/bundles/217/1/.cp/os/linux/x86/liblocalfile_1_0_0.so
ada89000-ada8a000 rwxp 00001000 00:1f 512292                             /SNS/users/j35/.idl/itt/idlworkbench-config-idl8.0.0/org.eclipse.osgi/bundles/217/1/.cp/os/linux/x86/liblocalfile_1_0_0.so
ada8b000-ada8d000 r-xs 00005000 00:18 449583                             /SNS/software/itt/idl80/idlde/plugins/org.eclipse.ltk.ui.refactoring.nl2_3.2.1.v200609270227.jar
ada8d000-ada8f000 r-xs 00002000 00:18 449937                             /SNS/software/itt/idl80/idlde/plugins/org.eclipse.text.nl2a_3.2.0.v200609270227.jar
ada8f000-ada91000 r-xs 00003000 00:18 449935                             /SNS/software/itt/idl80/idlde/plugins/org.eclipse.text.nl1_3.2.0.v200609270227.jar
ada91000-ada94000 r-xs 0001f000 00:18 449457                             /SNS/software/itt/idl80/idlde/plugins/com.rsi.idldt.ui.nl_8.0.0.jar
ada94000-adab7000 r-xs 001d6000 00:18 450034                             /SNS/software/itt/idl80/idlde/plugins/org.eclipse.ui.ide_3.5.2.M20100113-0800.jar
adab7000-adabc000 r-xp 00000000 fd:03 2189395                            /usr/lib/libXtst.so.6.1.0
adabc000-adabd000 rwxp 00004000 fd:03 2189395                            /usr/lib/libXtst.so.6.1.0
adabd000-adac1000 r-xp 00000000 fd:00 131145                             /lib/libgthread-2.0.so.0.1200.3
adac1000-adac2000 rwxp 00003000 fd:00 131145                             /lib/libgthread-2.0.so.0.1200.3
adac2000-adac3000 rwxp adac2000 00:00 0 
adac3000-adac5000 r-xs 00012000 00:18 449467                             /SNS/software/itt/idl80/idlde/plugins/org.eclipse.core.jobs_3.4.100.v20090429-1800.jar
adac7000-adaca000 r-xs 00019000 00:18 449996                             /SNS/software/itt/idl80/idlde/plugins/org.eclipse.core.filebuffers_3.5.0.v20090526-2000.jar
adaca000-adacc000 r-xs 00014000 00:18 449481                             /SNS/software/itt/idl80/idlde/plugins/org.eclipse.core.contenttype_3.4.1.R35x_v20090826-0451.jar
adacd000-adace000 r-xs 00002000 00:18 449461                             /SNS/software/itt/idl80/idlde/plugins/com.rsi.idldt.graphics.nl_8.0.0.jar
adace000-adad0000 r-xs 00004000 00:18 449555                             /SNS/software/itt/idl80/idlde/plugins/org.eclipse.debug.core.nl2_3.2.1.v200609270227.jar
adad0000-adad1000 r-xs 00002000 00:18 449577                             /SNS/software/itt/idl80/idlde/plugins/org.eclipse.jface.text.nl2_3.2.1.v200609270227.jar
adad1000-adad3000 r-xs 00005000 00:18 449579                             /SNS/software/itt/idl80/idlde/plugins/org.eclipse.ltk.core.refactoring.nl1_3.2.1.v200609270227.jar
adad3000-adad4000 r-xs 00002000 00:18 449580                             /SNS/software/itt/idl80/idlde/plugins/org.eclipse.ltk.core.refactoring.nl2_3.2.1.v200609270227.jar
adad4000-adad5000 r-xs 00004000 00:18 449963                             /SNS/software/itt/idl80/idlde/plugins/org.eclipse.ui.nl2_3.2.1.v200609270227.jar
adad5000-adad9000 r-xs 00019000 00:18 450028                             /SNS/software/itt/idl80/idlde/plugins/org.eclipse.ui.navigator.resources_3.4.1.M20090826-0800.jar
adad9000-adadd000 r-xp 00000000 fd:03 2285480                            /usr/lib/gtk-2.0/2.10.0/loaders/libpixbufloader-png.so
adadd000-adade000 rwxp 00003000 fd:03 2285480                            /usr/lib/gtk-2.0/2.10.0/loaders/libpixbufloader-png.so
adade000-adae2000 rwxp adade000 00:00 0 
adae2000-adb37000 r-xp 00000000 00:1f 512133                             /SNS/users/j35/.idl/itt/idlworkbench-config-idl8.0.0/org.eclipse.osgi/bundles/230/1/.cp/libswt-pi-gtk-3557.so
adb37000-adb3a000 rwxp 00054000 00:1f 512133                             /SNS/users/j35/.idl/itt/idlworkbench-config-idl8.0.0/org.eclipse.osgi/bundles/230/1/.cp/libswt-pi-gtk-3557.so
adb3a000-adb3d000 r-xp 00000000 00:1f 512132                             /SNS/users/j35/.idl/itt/idlworkbench-config-idl8.0.0/org.eclipse.osgi/bundles/230/1/.cp/libswt-gtk-3557.so
adb3d000-adb3e000 rwxp 00002000 00:1f 512132                             /SNS/users/j35/.idl/itt/idlworkbench-config-idl8.0.0/org.eclipse.osgi/bundles/230/1/.cp/libswt-gtk-3557.so
adb3e000-adb3f000 rwxp adb3e000 00:00 0 
adb3f000-adb43000 r-xs 00021000 00:18 449476                             /SNS/software/itt/idl80/idlde/plugins/org.eclipse.ui_3.5.2.M20100120-0800.jar
adb43000-adb56000 r-xs 001ef000 00:18 460528                             /SNS/software/itt/idl80/idlde/plugins/org.eclipse.swt.gtk.linux.x86_3.5.2.v3557f.jar
adb56000-adb6a000 r-xs 000e4000 00:18 449474                             /SNS/software/itt/idl80/idlde/plugins/org.eclipse.jface_3.5.2.M20100120-0800.jar
adb6a000-adbaf000 r-xs 00391000 00:18 449477                             /SNS/software/itt/idl80/idlde/plugins/org.eclipse.ui.workbench_3.5.2.M20100113-0800.jar
adbaf000-adbb2000 ---p adbaf000 00:00 0 
adbb2000-add00000 rwxp adbb2000 00:00 0 
add00000-add01000 r-xs 00001000 00:18 449536                             /SNS/software/itt/idl80/idlde/plugins/org.eclipse.core.jobs.nl1_3.2.0.v200609270227.jar
add01000-add03000 r-xs 00001000 00:18 449970                             /SNS/software/itt/idl80/idlde/plugins/org.eclipse.ui.views.nl2a_3.2.1.v200609270227.jar
add03000-add07000 r-xs 00017000 00:18 449462                             /SNS/software/itt/idl80/idlde/plugins/org.eclipse.core.commands_3.5.0.I20090525-2000.jar
add07000-add0a000 r-xs 0001b000 00:18 449979                             /SNS/software/itt/idl80/idlde/plugins/org.eclipse.ui.workbench.texteditor.nl2a_3.2.0.v200609270227.jar
add0a000-add0c000 r-xs 00002000 00:18 449535                             /SNS/software/itt/idl80/idlde/plugins/org.eclipse.core.filesystem.nl2a_1.0.0.v200609270227.jar
add0c000-add0d000 r-xs 00002000 00:18 460507                             /SNS/software/itt/idl80/idlde/plugins/org.eclipse.core.filesystem.linux.x86_1.3.0.R35x_v20091203-1235.jar
add0d000-add0e000 r-xs 00003000 00:18 449533                             /SNS/software/itt/idl80/idlde/plugins/org.eclipse.core.filesystem.nl1_1.0.0.v200609270227.jar
add0e000-add10000 r-xs 0000a000 00:18 449997                             /SNS/software/itt/idl80/idlde/plugins/org.eclipse.core.filesystem_1.2.1.R35x_v20091203-1235.jar
add10000-add12000 r-xs 00001000 00:18 450043                             /SNS/software/itt/idl80/idlde/plugins/org.eclipse.ui.workbench.compatibility_3.2.0.I20090429-1800/compatibility.jar
add12000-add18000 r-xs 0002a000 00:18 449976                             /SNS/software/itt/idl80/idlde/plugins/org.eclipse.ui.workbench.nl2a_3.2.1.v200609270227.jar
add18000-add1f000 r-xs 00035000 00:18 449974                             /SNS/software/itt/idl80/idlde/plugins/org.eclipse.ui.workbench.nl1_3.2.1.v200609270227.jar
add1f000-adefa000 rwxp add1f000 00:00 0 
adefa000-adf00000 ---p adefa000 00:00 0 
adf00000-adff9000 rwxp adf00000 00:00 0 
adff9000-ae000000 ---p adff9000 00:00 0 
ae000000-ae0fd000 rwxp ae000000 00:00 0 
ae0fd000-ae100000 ---p ae0fd000 00:00 0 
ae100000-ae101000 r-xs 00000000 00:18 449537                             /SNS/software/itt/idl80/idlde/plugins/org.eclipse.core.jobs.nl2_3.2.0.v200609270227.jar
ae101000-ae103000 r-xs 00001000 00:18 449927                             /SNS/software/itt/idl80/idlde/plugins/org.eclipse.swt.nl2_3.2.1.v200609270227.jar
ae103000-ae105000 r-xs 00002000 00:18 449928                             /SNS/software/itt/idl80/idlde/plugins/org.eclipse.swt.nl2a_3.2.1.v200609270227.jar
ae105000-ae106000 r-xs 00004000 00:18 449459                             /SNS/software/itt/idl80/idlde/plugins/org.eclipse.swt_3.5.2.v3557f.jar
ae106000-ae10a000 r-xs 00016000 00:18 449975                             /SNS/software/itt/idl80/idlde/plugins/org.eclipse.ui.workbench.nl2_3.2.1.v200609270227.jar
ae10a000-ae10c000 r-xs 0000a000 00:18 449584                             /SNS/software/itt/idl80/idlde/plugins/org.eclipse.ltk.ui.refactoring.nl2a_3.2.1.v200609270227.jar
ae10c000-ae10d000 r-xs 00001000 00:18 449538                             /SNS/software/itt/idl80/idlde/plugins/org.eclipse.core.jobs.nl2a_3.2.0.v200609270227.jar
ae10f000-ae111000 r-xs 0000e000 00:18 449978                             /SNS/software/itt/idl80/idlde/plugins/org.eclipse.ui.workbench.texteditor.nl2_3.2.0.v200609270227.jar
ae111000-ae112000 r-xs 00002000 00:18 449939                             /SNS/software/itt/idl80/idlde/plugins/org.eclipse.ui.browser.nl2_3.2.0.v200609270227.jar
ae112000-ae113000 r-xs 00007000 00:18 449964                             /SNS/software/itt/idl80/idlde/plugins/org.eclipse.ui.nl2a_3.2.1.v200609270227.jar
ae113000-ae115000 r-xs 00008000 00:18 449556                             /SNS/software/itt/idl80/idlde/plugins/org.eclipse.debug.core.nl2a_3.2.1.v200609270227.jar
ae115000-ae118000 r-xs 0001b000 00:18 450000                             /SNS/software/itt/idl80/idlde/plugins/org.eclipse.core.resources.compatibility_3.4.1.R35x_v20100113-0530.jar
ae118000-ae11a000 r-xs 00004000 00:18 449566                             /SNS/software/itt/idl80/idlde/plugins/org.eclipse.equinox.registry.nl1_3.2.1.v200609270227.jar
ae11a000-ae11c000 r-xs 00003000 00:18 449568                             /SNS/software/itt/idl80/idlde/plugins/org.eclipse.equinox.registry.nl2a_3.2.1.v200609270227.jar
ae11c000-ae120000 r-xs 00027000 00:18 449487                             /SNS/software/itt/idl80/idlde/plugins/org.eclipse.equinox.registry_3.4.100.v20090520-1800.jar
ae120000-ae122000 r-xs 00001000 00:18 449936                             /SNS/software/itt/idl80/idlde/plugins/org.eclipse.text.nl2_3.2.0.v200609270227.jar
ae122000-ae125000 ---p ae122000 00:00 0 
ae125000-ae173000 rwxp ae125000 00:00 0 
ae173000-ae176000 ---p ae173000 00:00 0 
ae176000-ae1c4000 rwxp ae176000 00:00 0 
ae1c4000-ae1cb000 r-xp 00000000 00:18 458650                             /SNS/software/itt/idl80/idlde/bin.linux.x86/jre/lib/i386/libnio.so
ae1cb000-ae1cc000 rwxp 00006000 00:18 458650                             /SNS/software/itt/idl80/idlde/bin.linux.x86/jre/lib/i386/libnio.so
ae1cc000-ae1df000 r-xp 00000000 00:18 458649                             /SNS/software/itt/idl80/idlde/bin.linux.x86/jre/lib/i386/libnet.so
ae1df000-ae1e0000 rwxp 00013000 00:18 458649                             /SNS/software/itt/idl80/idlde/bin.linux.x86/jre/lib/i386/libnet.so
ae1e0000-ae1f1000 r-xs 00103000 00:18 449471                             /SNS/software/itt/idl80/idlde/plugins/org.eclipse.osgi_3.5.2.R35x_v20100126.jar
ae1f1000-ae259000 rwxp ae1f1000 00:00 0 
ae259000-ae273000 r-xp 00000000 fd:03 2189169                            /usr/lib/libatk-1.0.so.0.1212.0
ae273000-ae275000 rwxp 0001a000 fd:03 2189169                            /usr/lib/libatk-1.0.so.0.1212.0
ae275000-ae606000 r-xp 00000000 fd:03 2189525                            /usr/lib/libgtk-x11-2.0.so.0.1000.4
ae606000-ae60c000 rwxp 00391000 fd:03 2189525                            /usr/lib/libgtk-x11-2.0.so.0.1000.4
ae60c000-ae60d000 rwxp ae60c000 00:00 0 
ae60d000-ae62c000 r-xp 00000000 fd:00 131137                             /lib/libexpat.so.0.5.0
ae62c000-ae62e000 rwxp 0001e000 fd:00 131137                             /lib/libexpat.so.0.5.0
ae62e000-ae653000 r-xp 00000000 fd:03 2189198                            /usr/lib/libpng12.so.0.10.0
ae653000-ae654000 rwxp 00024000 fd:03 2189198                            /usr/lib/libpng12.so.0.10.0
ae654000-ae6d1000 r-xp 00000000 fd:03 2189172                            /usr/lib/libfreetype.so.6.3.10
ae6d1000-ae6d4000 rwxp 0007d000 fd:03 2189172                            /usr/lib/libfreetype.so.6.3.10
ae6d4000-ae701000 r-xp 00000000 fd:03 2189460                            /usr/lib/libpangoft2-1.0.so.0.1400.9
ae701000-ae702000 rwxp 0002c000 fd:03 2189460                            /usr/lib/libpangoft2-1.0.so.0.1400.9
ae702000-ae801000 r-xp 00000000 fd:03 2189347                            /usr/lib/libX11.so.6.2.0
ae801000-ae805000 rwxp 000ff000 fd:03 2189347                            /usr/lib/libX11.so.6.2.0
ae805000-ae871000 r-xp 00000000 fd:03 2189445                            /usr/lib/libcairo.so.2.9.2
ae871000-ae873000 rwxp 0006b000 fd:03 2189445                            /usr/lib/libcairo.so.2.9.2
ae873000-ae8fd000 r-xp 00000000 fd:03 2189519                            /usr/lib/libgdk-x11-2.0.so.0.1000.4
ae8fd000-ae900000 rwxp 0008a000 fd:03 2189519                            /usr/lib/libgdk-x11-2.0.so.0.1000.4
ae900000-ae9f2000 rwxp ae900000 00:00 0 
ae9f2000-aea00000 ---p ae9f2000 00:00 0 
aea00000-aea01000 r-xs 00002000 00:18 449567                             /SNS/software/itt/idl80/idlde/plugins/org.eclipse.equinox.registry.nl2_3.2.1.v200609270227.jar
aea01000-aea03000 r-xs 00003000 00:18 449560                             /SNS/software/itt/idl80/idlde/plugins/org.eclipse.equinox.common.nl1_3.2.0.v200609270227.jar
aea03000-aea08000 r-xp 00000000 fd:03 2189297                            /usr/lib/libXdmcp.so.6.0.0
aea08000-aea09000 rwxp 00004000 fd:03 2189297                            /usr/lib/libXdmcp.so.6.0.0
aea09000-aea1b000 r-xp 00000000 fd:03 2189165                            /usr/lib/libz.so.1.2.3
aea1b000-aea1c000 rwxp 00011000 fd:03 2189165                            /usr/lib/libz.so.1.2.3
aea1c000-aea32000 r-xp 00000000 fd:03 2189521                            /usr/lib/libgdk_pixbuf-2.0.so.0.1000.4
aea32000-aea33000 rwxp 00016000 fd:03 2189521                            /usr/lib/libgdk_pixbuf-2.0.so.0.1000.4
aea33000-aea5a000 r-xp 00000000 fd:03 2189443                            /usr/lib/libfontconfig.so.1.1.0
aea5a000-aea62000 rwxp 00027000 fd:03 2189443                            /usr/lib/libfontconfig.so.1.1.0
aea62000-aeaff000 r-xp 00000000 fd:00 131139                             /lib/libglib-2.0.so.0.1200.3
aeaff000-aeb00000 rwxp 0009c000 fd:00 131139                             /lib/libglib-2.0.so.0.1200.3
aeb00000-aebe8000 rwxp aeb00000 00:00 0 
aebe8000-aec00000 ---p aebe8000 00:00 0 
aec00000-aec01000 r-xs 00002000 00:18 450004                             /SNS/software/itt/idl80/idlde/plugins/org.eclipse.core.runtime.compatibility.registry_3.2.200.v20090429-1800/runtime_registry_compatibility.jar
aec01000-aec02000 r-xs 00001000 00:18 449561                             /SNS/software/itt/idl80/idlde/plugins/org.eclipse.equinox.common.nl2_3.2.0.v200609270227.jar
aec02000-aec04000 r-xp 00000000 fd:03 2189265                            /usr/lib/libXau.so.6.0.0
aec04000-aec05000 rwxp 00001000 fd:03 2189265                            /usr/lib/libXau.so.6.0.0
aec05000-aec09000 r-xp 00000000 fd:03 2189355                            /usr/lib/libXfixes.so.3.1.0
aec09000-aec0a000 rwxp 00003000 fd:03 2189355                            /usr/lib/libXfixes.so.3.1.0
aec0a000-aec13000 r-xp 00000000 fd:03 2189369                            /usr/lib/libXcursor.so.1.0.2
aec13000-aec14000 rwxp 00008000 fd:03 2189369                            /usr/lib/libXcursor.so.1.0.2
aec14000-aec1b000 r-xp 00000000 fd:03 2189362                            /usr/lib/libXi.so.6.0.0
aec1b000-aec1c000 rwxp 00006000 fd:03 2189362                            /usr/lib/libXi.so.6.0.0
aec1c000-aec24000 r-xp 00000000 fd:03 2189351                            /usr/lib/libXrender.so.1.3.0
aec24000-aec25000 rwxp 00007000 fd:03 2189351                            /usr/lib/libXrender.so.1.3.0
aec25000-aec62000 r-xp 00000000 fd:03 2189456                            /usr/lib/libpango-1.0.so.0.1400.9
aec62000-aec64000 rwxp 0003c000 fd:03 2189456                            /usr/lib/libpango-1.0.so.0.1400.9
aec64000-aeca2000 r-xp 00000000 fd:00 131143                             /lib/libgobject-2.0.so.0.1200.3
aeca2000-aeca3000 rwxp 0003e000 fd:00 131143                             /lib/libgobject-2.0.so.0.1200.3
aeca3000-aeca4000 ---p aeca3000 00:00 0 
aeca4000-aed24000 rwxp aeca4000 00:00 0 
aed24000-aed27000 ---p aed24000 00:00 0 
aed27000-aed75000 rwxp aed27000 00:00 0 
aed75000-aed78000 ---p aed75000 00:00 0 
aed78000-aedf6000 rwxp aed78000 00:00 0 
aedf6000-aedf9000 ---p aedf6000 00:00 0 
aedf9000-aee77000 rwxp aedf9000 00:00 0 
aee77000-aee7a000 ---p aee77000 00:00 0 
aee7a000-aeec8000 rwxp aee7a000 00:00 0 
aeec8000-af0c8000 r-xp 00000000 fd:03 2190154                            /usr/lib/locale/locale-archive
af0c8000-af0cb000 ---p af0c8000 00:00 0 
af0cb000-af119000 rwxp af0cb000 00:00 0 
af119000-af11c000 ---p af119000 00:00 0 
af11c000-af16a000 rwxp af11c000 00:00 0 
af16a000-af300000 r-xs 02fb6000 00:18 459379                             /SNS/software/itt/idl80/idlde/bin.linux.x86/jre/lib/rt.jar
af300000-af3ff000 rwxp af300000 00:00 0 
af3ff000-af400000 ---p af3ff000 00:00 0 
af400000-af401000 r-xs 00003000 00:18 449562                             /SNS/software/itt/idl80/idlde/plugins/org.eclipse.equinox.common.nl2a_3.2.0.v200609270227.jar
af401000-af402000 r-xs 00009000 00:18 449962                             /SNS/software/itt/idl80/idlde/plugins/org.eclipse.ui.nl1_3.2.1.v200609270227.jar
af402000-af405000 r-xp 00000000 fd:03 2189370                            /usr/lib/libXrandr.so.2.0.0
af405000-af406000 rwxp 00002000 fd:03 2189370                            /usr/lib/libXrandr.so.2.0.0
af406000-af415000 r-xp 00000000 fd:03 2189349                            /usr/lib/libXext.so.6.4.0
af415000-af416000 rwxp 0000e000 fd:03 2189349                            /usr/lib/libXext.so.6.4.0
af416000-af41e000 r-xp 00000000 fd:03 2189458                            /usr/lib/libpangocairo-1.0.so.0.1400.9
af41e000-af41f000 rwxp 00007000 fd:03 2189458                            /usr/lib/libpangocairo-1.0.so.0.1400.9
af41f000-af420000 r-xs 00001000 00:18 449534                             /SNS/software/itt/idl80/idlde/plugins/org.eclipse.core.filesystem.nl2_1.0.0.v200609270227.jar
af420000-af423000 r-xs 00012000 00:18 471053                             /SNS/software/itt/idl80/idlde/plugins/org.tigris.subversion.clientadapter_1.6.12.jar
af423000-af426000 r-xs 00016000 00:18 449483                             /SNS/software/itt/idl80/idlde/plugins/org.eclipse.equinox.common_3.5.1.R35x_v20090807-1100.jar
af426000-af429000 r-xp 00000000 fd:03 2285475                            /usr/lib/gtk-2.0/2.10.0/loaders/libpixbufloader-bmp.so
af429000-af42a000 rwxp 00002000 fd:03 2285475                            /usr/lib/gtk-2.0/2.10.0/loaders/libpixbufloader-bmp.so
af42a000-af43b000 r-xp 00000000 fd:03 2285646                            /usr/lib/gtk-2.0/2.10.0/engines/libclearlooks.so
af43b000-af43c000 rwxp 00011000 fd:03 2285646                            /usr/lib/gtk-2.0/2.10.0/engines/libclearlooks.so
af43c000-af43d000 r-xp 00000000 fd:03 2252339                            /usr/lib/gconv/ISO8859-1.so
af43d000-af43f000 rwxp 00000000 fd:03 2252339                            /usr/lib/gconv/ISO8859-1.so
af43f000-af44a000 r-xp 00000000 00:18 460517                             /SNS/software/itt/idl80/idlde/plugins/org.eclipse.equinox.launcher.gtk.linux.x86_1.0.200.v20090520/eclipse_1206.so
af44a000-af44b000 rwxp 0000a000 00:18 460517                             /SNS/software/itt/idl80/idlde/plugins/org.eclipse.equinox.launcher.gtk.linux.x86_1.0.200.v20090520/eclipse_1206.so
af44b000-af44c000 ---p af44b000 00:00 0 
af44c000-af4ff000 rwxp af44c000 00:00 0 
af4ff000-af500000 ---p af4ff000 00:00 0 
af500000-af580000 rwxp af500000 00:00 0 
af580000-af581000 ---p af580000 00:00 0 
af581000-af601000 rwxp af581000 00:00 0 
af601000-af602000 ---p af601000 00:00 0 
af602000-af682000 rwxp af602000 00:00 0 
af682000-af683000 ---p af682000 00:00 0 
af683000-af703000 rwxp af683000 00:00 0 
af703000-af704000 ---p af703000 00:00 0 
af704000-af784000 rwxp af704000 00:00 0 
af784000-af785000 ---p af784000 00:00 0 
af785000-af805000 rwxp af785000 00:00 0 
af805000-af806000 ---p af805000 00:00 0 
af806000-af886000 rwxp af806000 00:00 0 
af886000-af887000 ---p af886000 00:00 0 
af887000-af91c000 rwxp af887000 00:00 0 
af91c000-af927000 rwxp af91c000 00:00 0 
af927000-afa07000 rwxp af927000 00:00 0 
afa07000-afaef000 rwxp afa07000 00:00 0 
afaef000-afb04000 rwxp afaef000 00:00 0 
afb04000-afb0f000 rwxp afb04000 00:00 0 
afb0f000-afbef000 rwxp afb0f000 00:00 0 
afbef000-afcd6000 rwxp afbef000 00:00 0 
afcd6000-afcf3000 rwxp afcd6000 00:00 0 
afcf3000-afd0f000 rwxp afcf3000 00:00 0 
afd0f000-b26f0000 rwxp afd0f000 00:00 0 
b26f0000-b3d10000 rwxp b26f0000 00:00 0 
b3d10000-cfd10000 rwxp b3d10000 00:00 0 
cfd10000-ecb50000 rwxp cfd10000 00:00 0 
ecb50000-f04e0000 rwxp ecb50000 00:00 0 
f04e0000-f3d10000 rwxp f04e0000 00:00 0 
f3d10000-f3d11000 r-xs 00005000 00:18 449931                             /SNS/software/itt/idl80/idlde/plugins/org.eclipse.team.core.nl2a_3.2.1.v200609270227.jar
f3d11000-f3d12000 r-xs 00002000 00:18 449968                             /SNS/software/itt/idl80/idlde/plugins/org.eclipse.ui.views.nl1_3.2.1.v200609270227.jar
f3d12000-f3d2b000 rwxp f3d12000 00:00 0 
f3d2b000-f3dd2000 rwxp f3d2b000 00:00 0 
f3dd2000-f43da000 rwxp f3dd2000 00:00 0 
f43da000-f6dd2000 rwxp f43da000 00:00 0 
f6dd2000-f6dd6000 r-xp 00000000 fd:00 131106                             /lib/libnss_dns-2.5.so
f6dd6000-f6dd7000 r-xp 00003000 fd:00 131106                             /lib/libnss_dns-2.5.so
f6dd7000-f6dd8000 rwxp 00004000 fd:00 131106                             /lib/libnss_dns-2.5.so
f6dd8000-f6e13000 r-xp 00000000 fd:00 131780                             /lib/libsepol.so.1
f6e13000-f6e14000 rwxp 0003b000 fd:00 131780                             /lib/libsepol.so.1
f6e14000-f6e1e000 rwxp f6e14000 00:00 0 
f6e1e000-f6e2e000 r-xp 00000000 fd:00 131118                             /lib/libresolv-2.5.so
f6e2e000-f6e2f000 r-xp 0000f000 fd:00 131118                             /lib/libresolv-2.5.so
f6e2f000-f6e30000 rwxp 00010000 fd:00 131118                             /lib/libresolv-2.5.so
f6e30000-f6e32000 rwxp f6e30000 00:00 0 
f6e32000-f6e48000 r-xp 00000000 fd:00 131172                             /lib/libselinux.so.1
f6e48000-f6e4a000 rwxp 00015000 fd:00 131172                             /lib/libselinux.so.1
f6e4a000-f713f000 r-xp 00000000 fd:00 131150                             /lib/libnss_ldap-2.5.so
f713f000-f7157000 rwxp 002f5000 fd:00 131150                             /lib/libnss_ldap-2.5.so
f7157000-f7166000 rwxp f7157000 00:00 0 
f7166000-f7170000 r-xp 00000000 fd:00 131108                             /lib/libnss_files-2.5.so
f7170000-f7171000 r-xp 00009000 fd:00 131108                             /lib/libnss_files-2.5.so
f7171000-f7172000 rwxp 0000a000 fd:00 131108                             /lib/libnss_files-2.5.so
f7172000-f7187000 r-xp 00000000 fd:00 131102                             /lib/libnsl-2.5.so
f7187000-f7188000 r-xp 00014000 fd:00 131102                             /lib/libnsl-2.5.so
f7188000-f7189000 rwxp 00015000 fd:00 131102                             /lib/libnsl-2.5.so
f7189000-f718b000 rwxp f7189000 00:00 0 
f718b000-f718d000 r-xp 00000000 fd:03 2189375                            /usr/lib/libXinerama.so.1.0.0
f718d000-f718e000 rwxp 00001000 fd:03 2189375                            /usr/lib/libXinerama.so.1.0.0
f718e000-f718f000 r-xs 0000b000 00:18 449554                             /SNS/software/itt/idl80/idlde/plugins/org.eclipse.debug.core.nl1_3.2.1.v200609270227.jar
f718f000-f7191000 r-xs 00003000 00:18 449926                             /SNS/software/itt/idl80/idlde/plugins/org.eclipse.swt.nl1_3.2.1.v200609270227.jar
f7191000-f7192000 r-xs 00001000 00:18 449969                             /SNS/software/itt/idl80/idlde/plugins/org.eclipse.ui.views.nl2_3.2.1.v200609270227.jar
f7192000-f71a1000 r-xp 00000000 00:18 458645                             /SNS/software/itt/idl80/idlde/bin.linux.x86/jre/lib/i386/libzip.so
f71a1000-f71a3000 rwxp 0000e000 00:18 458645                             /SNS/software/itt/idl80/idlde/bin.linux.x86/jre/lib/i386/libzip.so
f71a3000-f71ab000 rwxs 00000000 fd:02 3178499                            /tmp/hsperfdata_j35/32525
f71ab000-f71ce000 r-xp 00000000 00:18 458641                             /SNS/software/itt/idl80/idlde/bin.linux.x86/jre/lib/i386/libjava.so
f71ce000-f71d0000 rwxp 00023000 00:18 458641                             /SNS/software/itt/idl80/idlde/bin.linux.x86/jre/lib/i386/libjava.so
f71d0000-f71d7000 r-xp 00000000 fd:00 131120                             /lib/librt-2.5.so
f71d7000-f71d8000 r-xp 00007000 fd:00 131120                             /lib/librt-2.5.so
f71d8000-f71d9000 rwxp 00008000 fd:00 131120                             /lib/librt-2.5.so
f71d9000-f71dc000 ---p f71d9000 00:00 0 
f71dc000-f722a000 rwxp f71dc000 00:00 0 
f722a000-f7251000 r-xp 00000000 fd:00 131100                             /lib/libm-2.5.so
f7251000-f7252000 r-xp 00026000 fd:00 131100                             /lib/libm-2.5.so
f7252000-f7253000 rwxp 00027000 fd:00 131100                             /lib/libm-2.5.so
f7253000-f7920000 r-xp 00000000 00:18 458628                             /SNS/software/itt/idl80/idlde/bin.linux.x86/jre/lib/i386/server/libjvm.so
f7920000-f796e000 rwxp 006cc000 00:18 458628                             /SNS/software/itt/idl80/idlde/bin.linux.x86/jre/lib/i386/server/libjvm.so
f796e000-f7d91000 rwxp f796e000 00:00 0 
f7d91000-f7ee3000 r-xp 00000000 fd:00 131092                             /lib/libc-2.5.so
f7ee3000-f7ee5000 r-xp 00152000 fd:00 131092                             /lib/libc-2.5.so
f7ee5000-f7ee6000 rwxp 00154000 fd:00 131092                             /lib/libc-2.5.so
f7ee6000-f7ee9000 rwxp f7ee6000 00:00 0 
f7ee9000-f7eec000 r-xp 00000000 fd:00 131098                             /lib/libdl-2.5.so
f7eec000-f7eed000 r-xp 00002000 fd:00 131098                             /lib/libdl-2.5.so
f7eed000-f7eee000 rwxp 00003000 fd:00 131098                             /lib/libdl-2.5.so
f7eee000-f7eef000 rwxp f7eee000 00:00 0 
f7eef000-f7ef6000 r-xp 00000000 00:18 458643                             /SNS/software/itt/idl80/idlde/bin.linux.x86/jre/lib/i386/jli/libjli.so
f7ef6000-f7ef8000 rwxp 00006000 00:18 458643                             /SNS/software/itt/idl80/idlde/bin.linux.x86/jre/lib/i386/jli/libjli.so
f7ef8000-f7f0d000 r-xp 00000000 fd:00 131116                             /lib/libpthread-2.5.so
f7f0d000-f7f0e000 r-xp 00015000 fd:00 131116                             /lib/libpthread-2.5.so
f7f0e000-f7f0f000 rwxp 00016000 fd:00 131116                             /lib/libpthread-2.5.so
f7f0f000-f7f11000 rwxp f7f0f000 00:00 0 
f7f11000-f7f13000 r-xp 00000000 fd:00 131141                             /lib/libgmodule-2.0.so.0.1200.3
f7f13000-f7f14000 rwxp 00002000 fd:00 131141                             /lib/libgmodule-2.0.so.0.1200.3
f7f14000-f7f16000 r-xs 0000a000 00:18 449488                             /SNS/software/itt/idl80/idlde/plugins/org.eclipse.equinox.launcher_1.0.201.R35x_v20090715.jar
f7f16000-f7f18000 r-xp 00000000 fd:00 131158                             /lib/libkeyutils-1.2.so
f7f18000-f7f19000 rwxp 00001000 fd:00 131158                             /lib/libkeyutils-1.2.so
f7f19000-f7f1b000 r-xp 00000000 fd:00 131184                             /lib/libcom_err.so.2.1
f7f1b000-f7f1c000 rwxp 00001000 fd:00 131184                             /lib/libcom_err.so.2.1
f7f1c000-f7f22000 r-xp 00000000 00:18 458626                             /SNS/software/itt/idl80/idlde/bin.linux.x86/jre/lib/i386/native_threads/libhpi.so
f7f22000-f7f23000 rwxp 00006000 00:18 458626                             /SNS/software/itt/idl80/idlde/bin.linux.x86/jre/lib/i386/native_threads/libhpi.so
f7f23000-f7f24000 rwxp f7f23000 00:00 0 
f7f24000-f7f25000 r-xp f7f24000 00:00 0 
f7f25000-f7f30000 r-xp 00000000 00:18 458640                             /SNS/software/itt/idl80/idlde/bin.linux.x86/jre/lib/i386/libverify.so
f7f30000-f7f31000 rwxp 0000b000 00:18 458640                             /SNS/software/itt/idl80/idlde/bin.linux.x86/jre/lib/i386/libverify.so
f7f31000-f7f32000 rwxp f7f31000 00:00 0 
f7f32000-f7f4d000 r-xp 00000000 fd:00 131085                             /lib/ld-2.5.so
f7f4d000-f7f4e000 r-xp 0001a000 fd:00 131085                             /lib/ld-2.5.so
f7f4e000-f7f4f000 rwxp 0001b000 fd:00 131085                             /lib/ld-2.5.so
fffbb000-fffd0000 rwxp 7ffffffe9000 00:00 0                              [stack]
ffffe000-fffff000 r-xp ffffe000 00:00 0 

VM Arguments:
jvm_args: -Dorg.eclipse.swt.browser.XULRunnerPath=/SNS/software/itt/idl8/idlde/bin.linux.x86/xulrunner-1.9.0.6 
java_command: /SNS/software/itt/idl80/idlde/plugins/org.eclipse.equinox.launcher_1.0.201.R35x_v20090715.jar -os linux -ws gtk -arch x86 -showsplash -launcher /SNS/software/itt/idl80/idlde/idlde.linux.x86 -name Idlde.linux.x86 --launcher.library /SNS/software/itt/idl80/idlde/plugins/org.eclipse.equinox.launcher.gtk.linux.x86_1.0.200.v20090520/eclipse_1206.so -startup /SNS/software/itt/idl80/idlde/plugins/org.eclipse.equinox.launcher_1.0.201.R35x_v20090715.jar -exitdata 13d002d -vm /SNS/software/itt/idl8/idlde/bin.linux.x86/jre/bin/java -vmargs -Dorg.eclipse.swt.browser.XULRunnerPath=/SNS/software/itt/idl8/idlde/bin.linux.x86/xulrunner-1.9.0.6 -jar /SNS/software/itt/idl80/idlde/plugins/org.eclipse.equinox.launcher_1.0.201.R35x_v20090715.jar
Launcher Type: SUN_STANDARD

Environment Variables:
JAVA_HOME=/usr/java/current
CLASSPATH=.:/SNS/software/itt/idl8/resource/bridges/export/java/javaidlb.jar
PATH=/SNS/software/itt/idl8/bin:/SNS/software/bin:/usr/local/SNS/bin:/usr/kerberos/bin:/usr/java/current/bin:/usr/FullProf_Suite:/usr/gsas:/usr/local/bin:/bin:/usr/bin:/usr/root/bin:/SNS/users/j35/bin
LD_LIBRARY_PATH=/SNS/software/itt/idl80/idlde/bin.linux.x86/jre/lib/i386/server:/SNS/software/itt/idl80/idlde/bin.linux.x86/jre/lib/i386:/SNS/software/itt/idl80/idlde/bin.linux.x86/jre/../lib/i386:/SNS/software/itt/idl8/idlde/bin.linux.x86:/SNS/software/itt/idl8/bin/bin.linux.x86:/SNS/software/itt/idl8/bin/bin.linux.x86_64/dm/lib:/usr/local/lib64:/usr/local/lib:/SNS/software/lib64:/SNS/software/lib:/SNS/software/lib/vtk-5.4:/usr/java/current/lib::/usr/root/lib/root:/SNS/software/itt/idl8/idlde/bin.linux.x86_64/jre/lib/amd64/server:/SNS/software/itt/idl8/idlde/bin.linux.x86_64/jre/lib/amd64/server/..:/SNS/software/itt/idl8/idlde/bin.linux.x86_64/jre/lib/amd64/server/../native_threads:/usr/lib/xulrunner-1.9.2
SHELL=/bin/bash
DISPLAY=localhost:10.0

Signal Handlers:
SIGSEGV: [libjvm.so+0x650710], sa_mask[0]=0x7ffbfeff, sa_flags=0x10000004
SIGBUS: [libjvm.so+0x650710], sa_mask[0]=0x7ffbfeff, sa_flags=0x10000004
SIGFPE: [libjvm.so+0x52f600], sa_mask[0]=0x7ffbfeff, sa_flags=0x10000004
SIGPIPE: SIG_IGN, sa_mask[0]=0x00001000, sa_flags=0x10000000
SIGXFSZ: [libjvm.so+0x52f600], sa_mask[0]=0x7ffbfeff, sa_flags=0x10000004
SIGILL: [libjvm.so+0x52f600], sa_mask[0]=0x7ffbfeff, sa_flags=0x10000004
SIGUSR1: SIG_DFL, sa_mask[0]=0x00000000, sa_flags=0x00000000
SIGUSR2: [libjvm.so+0x5321f0], sa_mask[0]=0x00000000, sa_flags=0x10000004
SIGHUP: [libjvm.so+0x531f20], sa_mask[0]=0x7ffbfeff, sa_flags=0x10000004
SIGINT: [libidl.so.8.0+0x1c93cf], sa_mask[0]=0x00000000, sa_flags=0x10000000
SIGTERM: [libjvm.so+0x531f20], sa_mask[0]=0x7ffbfeff, sa_flags=0x10000004
SIGQUIT: [libjvm.so+0x531f20], sa_mask[0]=0x7ffbfeff, sa_flags=0x10000004


---------------  S Y S T E M  ---------------

OS:Red Hat Enterprise Linux Client release 5.5 (Tikanga)

uname:Linux 2.6.18-194.11.4.el5 #1 SMP Fri Sep 17 04:57:05 EDT 2010 x86_64
libc:glibc 2.5 NPTL 2.5 
rlimit: STACK 10240k, CORE 0k, NPROC 268288, NOFILE 32768, AS infinity
load average:1.16 1.21 1.11

CPU:total 8 (2 cores per cpu, 1 threads per core) family 15 model 65 stepping 2, cmov, cx8, fxsr, mmx, sse, sse2, sse3, mmxext, 3dnow, 3dnowext

Memory: 4k page, physical 33028900k(5015236k free), swap 16777208k(16777208k free)

vm_info: Java HotSpot(TM) Server VM (14.3-b01) for linux-x86 JRE (1.6.0_17-b04), built on Oct 11 2009 01:01:36 by "java_re" with gcc 3.2.1-7a (J2SE release)

time: Mon Nov 22 13:13:45 2010
elapsed time: 4563 seconds

